{"type":"metric.1","time":"2023-04-04T17:49:37.325361-07:00","metricName":"server.uptime","metricType":"gauge","tags":{"go_arch":"arm64","go_os":"darwin","go_version":"go1.20.1"},"values":{"value":693}}
{"metricName":"logging.sls.length","metricType":"histogram","type":"metric.1","time":"2023-04-04T17:50:30.55858-07:00","tags":{"type":"service"},"values":{"count":1,"max":214,"p95":214,"p99":214}}
{"time":"2023-04-04T17:50:30.558678-07:00","metricName":"logging.sls","metricType":"meter","type":"metric.1","tags":{"level":"debug","type":"service.1"},"values":{"count":1}}
{"metricName":"logging.sls","metricType":"meter","type":"metric.1","time":"2023-04-04T17:50:30.5587-07:00","tags":{"level":"info","type":"service.1"},"values":{"count":1}}
{"type":"metric.1","time":"2023-04-04T17:50:30.558712-07:00","metricName":"server.uptime","metricType":"gauge","tags":{"go_arch":"arm64","go_os":"darwin","go_version":"go1.20.1"},"values":{"value":597}}
{"type":"metric.1","time":"2023-04-04T17:50:56.733517-07:00","metricName":"logging.sls.length","metricType":"histogram","tags":{"type":"service"},"values":{"count":1,"max":214,"p95":214,"p99":214}}
{"type":"metric.1","time":"2023-04-04T17:50:56.733702-07:00","metricName":"logging.sls","metricType":"meter","tags":{"level":"debug","type":"service.1"},"values":{"count":1}}
{"metricName":"logging.sls","metricType":"meter","type":"metric.1","time":"2023-04-04T17:50:56.733773-07:00","tags":{"level":"info","type":"service.1"},"values":{"count":1}}
{"type":"metric.1","time":"2023-04-04T17:50:56.73379-07:00","metricName":"server.uptime","metricType":"gauge","tags":{"go_arch":"arm64","go_os":"darwin","go_version":"go1.20.1"},"values":{"value":505}}
{"type":"metric.1","time":"2023-04-04T17:51:55.79068-07:00","metricName":"logging.sls.length","metricType":"histogram","tags":{"type":"service"},"values":{"count":1,"max":214,"p95":214,"p99":214}}
{"metricName":"logging.sls","metricType":"meter","type":"metric.1","time":"2023-04-04T17:51:55.790862-07:00","tags":{"level":"debug","type":"service.1"},"values":{"count":1}}
{"type":"metric.1","time":"2023-04-04T17:51:55.790883-07:00","metricName":"logging.sls","metricType":"meter","tags":{"level":"info","type":"service.1"},"values":{"count":1}}
{"time":"2023-04-04T17:51:55.790898-07:00","metricName":"server.uptime","metricType":"gauge","type":"metric.1","tags":{"go_arch":"arm64","go_os":"darwin","go_version":"go1.20.1"},"values":{"value":532}}
{"type":"metric.1","time":"2023-04-04T17:53:14.361348-07:00","metricName":"logging.sls.length","metricType":"histogram","tags":{"type":"event"},"values":{"count":1,"max":2984,"p95":2984,"p99":2984}}
{"type":"metric.1","time":"2023-04-04T17:53:14.361416-07:00","metricName":"logging.sls.length","metricType":"histogram","tags":{"type":"service"},"values":{"count":2,"max":3061,"p95":3061,"p99":3061}}
{"type":"metric.1","time":"2023-04-04T17:53:14.361449-07:00","metricName":"logging.sls","metricType":"meter","tags":{"level":"debug","type":"service.1"},"values":{"count":1}}
{"metricName":"logging.sls","metricType":"meter","type":"metric.1","time":"2023-04-04T17:53:14.36146-07:00","tags":{"level":"error","type":"service.1"},"values":{"count":1}}
{"type":"metric.1","time":"2023-04-04T17:53:14.361468-07:00","metricName":"logging.sls","metricType":"meter","tags":{"level":"info","type":"service.1"},"values":{"count":1}}
{"metricName":"logging.sls","metricType":"meter","type":"metric.1","time":"2023-04-04T17:53:14.361476-07:00","tags":{"type":"event.2"},"values":{"count":1}}
{"time":"2023-04-04T17:53:14.361487-07:00","metricName":"server.uptime","metricType":"gauge","type":"metric.1","tags":{"go_arch":"arm64","go_os":"darwin","go_version":"go1.20.1"},"values":{"value":642}}
{"type":"metric.1","time":"2023-04-04T17:56:17.118826-07:00","metricName":"logging.sls.length","metricType":"histogram","tags":{"type":"service"},"values":{"count":4,"max":1795,"p95":1795,"p99":1795}}
{"type":"metric.1","time":"2023-04-04T17:56:17.119659-07:00","metricName":"logging.sls","metricType":"meter","tags":{"level":"debug","type":"service.1"},"values":{"count":1}}
{"type":"metric.1","time":"2023-04-04T17:56:17.119718-07:00","metricName":"logging.sls","metricType":"meter","tags":{"level":"info","type":"service.1"},"values":{"count":3}}
{"type":"metric.1","time":"2023-04-04T17:56:17.119737-07:00","metricName":"logging.sls","metricType":"meter","tags":{"level":"warn","type":"service.1"},"values":{"count":1}}
{"type":"metric.1","time":"2023-04-04T17:56:17.119762-07:00","metricName":"server.uptime","metricType":"gauge","tags":{"go_arch":"arm64","go_os":"darwin","go_version":"go1.20.1"},"values":{"value":60002786}}
{"type":"metric.1","time":"2023-04-04T17:56:17.121563-07:00","metricName":"logging.sls.length","metricType":"histogram","tags":{"type":"metrics"},"values":{"count":5,"max":208,"p95":208,"p99":208}}
{"type":"metric.1","time":"2023-04-04T17:56:17.121611-07:00","metricName":"logging.sls.length","metricType":"histogram","tags":{"type":"service"},"values":{"count":7,"max":1962,"p95":1962,"p99":1962}}
{"type":"metric.1","time":"2023-04-04T17:56:17.121628-07:00","metricName":"logging.sls","metricType":"meter","tags":{"level":"debug","type":"service.1"},"values":{"count":1}}
{"type":"metric.1","time":"2023-04-04T17:56:17.121643-07:00","metricName":"logging.sls","metricType":"meter","tags":{"level":"error","type":"service.1"},"values":{"count":2}}
{"metricName":"logging.sls","metricType":"meter","type":"metric.1","time":"2023-04-04T17:56:17.121703-07:00","tags":{"level":"info","type":"service.1"},"values":{"count":4}}
{"time":"2023-04-04T17:56:17.121722-07:00","metricName":"logging.sls","metricType":"meter","type":"metric.1","tags":{"level":"warn","type":"service.1"},"values":{"count":1}}
{"metricName":"logging.sls","metricType":"meter","type":"metric.1","time":"2023-04-04T17:56:17.121799-07:00","tags":{"type":"metric.1"},"values":{"count":11}}
{"metricName":"server.uptime","metricType":"gauge","type":"metric.1","time":"2023-04-04T17:56:17.121876-07:00","tags":{"go_arch":"arm64","go_os":"darwin","go_version":"go1.20.1"},"values":{"value":60002786}}
